0 info it worked if it ends with ok
1 verbose cli [ '/usr/bin/nodejs', '/usr/bin/npm', 'run', 'dev' ]
2 info using npm@3.10.10
3 info using node@v6.11.2
4 verbose run-script [ 'predev', 'dev', 'postdev' ]
5 info lifecycle lms-frontend@1.0.0~predev: lms-frontend@1.0.0
6 silly lifecycle lms-frontend@1.0.0~predev: no script for predev, continuing
7 info lifecycle lms-frontend@1.0.0~dev: lms-frontend@1.0.0
8 verbose lifecycle lms-frontend@1.0.0~dev: unsafe-perm in lifecycle true
9 verbose lifecycle lms-frontend@1.0.0~dev: PATH: /usr/lib/node_modules/npm/bin/node-gyp-bin:/home/abhinitr/Desktop/abhinit-bkp/abhinitr/Desktop/system-Applications/LMS/KPC/ui-kpcontent/node_modules/.bin:/usr/local/sbin:/usr/local/bin:/usr/sbin:/usr/bin:/sbin:/bin:/usr/games:/usr/local/games:/snap/bin:/home/abhinitr/Desktop/abhinit-bkp/abhinitr/Desktop/system-Applications/lms-phabricator/arcanist/bin
10 verbose lifecycle lms-frontend@1.0.0~dev: CWD: /home/abhinitr/Desktop/abhinit-bkp/abhinitr/Desktop/system-Applications/LMS/KPC/ui-kpcontent
11 silly lifecycle lms-frontend@1.0.0~dev: Args: [ '-c', 'nuxt' ]
12 silly lifecycle lms-frontend@1.0.0~dev: Returned: code: 1  signal: null
13 info lifecycle lms-frontend@1.0.0~dev: Failed to exec dev script
14 verbose stack Error: lms-frontend@1.0.0 dev: `nuxt`
14 verbose stack Exit status 1
14 verbose stack     at EventEmitter.<anonymous> (/usr/lib/node_modules/npm/lib/utils/lifecycle.js:255:16)
14 verbose stack     at emitTwo (events.js:106:13)
14 verbose stack     at EventEmitter.emit (events.js:191:7)
14 verbose stack     at ChildProcess.<anonymous> (/usr/lib/node_modules/npm/lib/utils/spawn.js:40:14)
14 verbose stack     at emitTwo (events.js:106:13)
14 verbose stack     at ChildProcess.emit (events.js:191:7)
14 verbose stack     at maybeClose (internal/child_process.js:891:16)
14 verbose stack     at Process.ChildProcess._handle.onexit (internal/child_process.js:226:5)
15 verbose pkgid lms-frontend@1.0.0
16 verbose cwd /home/abhinitr/Desktop/abhinit-bkp/abhinitr/Desktop/system-Applications/LMS/KPC/ui-kpcontent/pages
17 error Linux 4.10.0-42-generic
18 error argv "/usr/bin/nodejs" "/usr/bin/npm" "run" "dev"
19 error node v6.11.2
20 error npm  v3.10.10
21 error code ELIFECYCLE
22 error lms-frontend@1.0.0 dev: `nuxt`
22 error Exit status 1
23 error Failed at the lms-frontend@1.0.0 dev script 'nuxt'.
23 error Make sure you have the latest version of node.js and npm installed.
23 error If you do, this is most likely a problem with the lms-frontend package,
23 error not with npm itself.
23 error Tell the author that this fails on your system:
23 error     nuxt
23 error You can get information on how to open an issue for this project with:
23 error     npm bugs lms-frontend
23 error Or if that isn't available, you can get their info via:
23 error     npm owner ls lms-frontend
23 error There is likely additional logging output above.
24 verbose exit [ 1, true ]
